\BOOKMARK [0][-]{chapter.4}{\376\377\0001\000\040\000P\000l\000a\000n\000t\000e\000a\000m\000i\000e\000n\000t\000o\000\040\000d\000e\000l\000\040\000p\000r\000o\000b\000l\000e\000m\000a\000\040\000y\000\040\000r\000e\000v\000i\000s\000i\000\363\000n\000\040\000d\000e\000\040\000l\000a\000\040\000l\000i\000t\000e\000r\000a\000t\000u\000r\000a}{}% 1
\BOOKMARK [1][-]{section.5}{\376\377\0001\000.\0001\000\040\000P\000l\000a\000n\000t\000e\000a\000m\000i\000e\000n\000t\000o\000\040\000d\000e\000l\000\040\000p\000r\000o\000b\000l\000e\000m\000a}{chapter.4}% 2
\BOOKMARK [1][-]{section.6}{\376\377\0001\000.\0002\000\040\000R\000e\000v\000i\000s\000i\000\363\000n\000\040\000l\000i\000t\000e\000r\000a\000r\000i\000a}{chapter.4}% 3
\BOOKMARK [1][-]{section.15}{\376\377\0001\000.\0003\000\040\000P\000r\000o\000p\000u\000e\000s\000t\000a\000\040\000d\000e\000\040\000m\000o\000d\000e\000l\000o}{chapter.4}% 4
\BOOKMARK [0][-]{chapter.16}{\376\377\0002\000\040\000D\000e\000s\000c\000r\000i\000p\000c\000i\000\363\000n\000\040\000d\000e\000\040\000l\000a\000\040\000t\000\351\000c\000n\000i\000c\000a\000\040\000y\000\040\000r\000e\000s\000u\000l\000t\000a\000d\000o\000s}{}% 5
\BOOKMARK [1][-]{section.17}{\376\377\0002\000.\0001\000\040\000I\000n\000t\000r\000o\000d\000u\000c\000c\000i\000\363\000n}{chapter.16}% 6
\BOOKMARK [1][-]{section.18}{\376\377\0002\000.\0002\000\040\000D\000a\000t\000o\000s}{chapter.16}% 7
\BOOKMARK [2][-]{subsection.19}{\376\377\0002\000.\0002\000.\0001\000\040\000O\000b\000t\000e\000n\000c\000i\000\363\000n\000\040\000y\000\040\000s\000e\000l\000e\000c\000c\000i\000\363\000n\000\040\000d\000e\000\040\000l\000o\000s\000\040\000d\000a\000t\000o\000s}{section.18}% 8
\BOOKMARK [2][-]{subsection.24}{\376\377\0002\000.\0002\000.\0002\000\040\000P\000r\000o\000c\000e\000s\000a\000m\000i\000e\000n\000t\000o\000\040\000d\000e\000\040\000d\000a\000t\000o\000s\000\040\000d\000e\000\040\000e\000n\000t\000r\000a\000d\000a}{section.18}% 9
\BOOKMARK [2][-]{subsection.27}{\376\377\0002\000.\0002\000.\0003\000\040\000P\000r\000o\000c\000e\000s\000a\000m\000i\000e\000n\000t\000o\000\040\000d\000e\000\040\000d\000a\000t\000o\000s\000\040\000d\000e\000\040\000s\000a\000l\000i\000d\000a}{section.18}% 10
\BOOKMARK [2][-]{subsection.30}{\376\377\0002\000.\0002\000.\0004\000\040\000P\000a\000r\000t\000i\000c\000i\000\363\000n\000\040\000d\000e\000\040\000l\000o\000s\000\040\000d\000a\000t\000o\000s}{section.18}% 11
\BOOKMARK [1][-]{section.33}{\376\377\0002\000.\0003\000\040\000M\000o\000d\000e\000l\000o\000s\000\040\000y\000\040\000a\000r\000q\000u\000i\000t\000e\000c\000t\000u\000r\000a\000s}{chapter.16}% 12
\BOOKMARK [2][-]{subsection.38}{\376\377\0002\000.\0003\000.\0001\000\040\000D\000i\000s\000e\000\361\000o\000\040\000d\000e\000\040\000u\000n\000a\000\040\000r\000e\000d\000\040\000C\000N\000N\000\040\000s\000i\000m\000p\000l\000e\000\040\000p\000a\000r\000a\000\040\000p\000r\000e\000d\000i\000c\000c\000i\000\363\000n\000\040\000d\000e\000\040\000g\000e\000n\000e\000r\000o}{section.33}% 13
\BOOKMARK [2][-]{subsection.39}{\376\377\0002\000.\0003\000.\0002\000\040\000D\000i\000s\000e\000\361\000o\000\040\000d\000e\000\040\000u\000n\000a\000\040\000r\000e\000d\000\040\000C\000N\000N\000\040\000c\000o\000n\000\040\000r\000a\000m\000a\000s\000\040\000p\000a\000r\000a\000l\000e\000l\000a\000s\000\040\000p\000a\000r\000a\000\040\000p\000r\000e\000d\000i\000c\000c\000i\000\363\000n\000\040\000d\000e\000\040\000g\000e\000n\000e\000r\000o}{section.33}% 14
\BOOKMARK [2][-]{subsection.41}{\376\377\0002\000.\0003\000.\0003\000\040\000D\000i\000s\000e\000\361\000o\000\040\000d\000e\000\040\000u\000n\000a\000\040\000r\000e\000d\000\040\000C\000N\000N\000\040\000p\000a\000r\000a\000\040\000p\000r\000e\000d\000i\000c\000c\000i\000\363\000n\000\040\000d\000e\000\040\000t\000e\000m\000p\000o}{section.33}% 15
\BOOKMARK [2][-]{subsection.44}{\376\377\0002\000.\0003\000.\0004\000\040\000D\000i\000s\000e\000\361\000o\000\040\000d\000e\000\040\000u\000n\000a\000\040\000r\000e\000d\000\040\000C\000N\000N\000\040\000p\000a\000r\000a\000\040\000p\000r\000e\000d\000i\000c\000c\000i\000\363\000n\000\040\000d\000e\000\040\000g\000\351\000n\000e\000r\000o\000\040\000y\000\040\000t\000e\000m\000p\000o}{section.33}% 16
\BOOKMARK [2][-]{subsection.47}{\376\377\0002\000.\0003\000.\0005\000\040\000A\000l\000g\000o\000r\000i\000t\000m\000o\000s\000\040\000d\000e\000\040\000a\000p\000r\000e\000n\000d\000i\000z\000a\000j\000e\000\040\000y\000\040\000o\000t\000r\000o\000s\000\040\000m\000e\000t\000a\000-\000p\000a\000r\000\341\000m\000e\000t\000r\000o\000s}{section.33}% 17
\BOOKMARK [1][-]{section.48}{\376\377\0002\000.\0004\000\040\000R\000e\000s\000u\000l\000t\000a\000d\000o\000s}{chapter.16}% 18
\BOOKMARK [2][-]{subsection.49}{\376\377\0002\000.\0004\000.\0001\000\040\000P\000r\000e\000d\000i\000c\000c\000i\000\363\000n\000\040\000d\000e\000\040\000g\000\351\000n\000e\000r\000o}{section.48}% 19
\BOOKMARK [2][-]{subsection.52}{\376\377\0002\000.\0004\000.\0002\000\040\000P\000r\000e\000d\000i\000c\000c\000i\000\363\000n\000\040\000d\000e\000\040\000t\000e\000m\000p\000o}{section.48}% 20
\BOOKMARK [2][-]{subsection.54}{\376\377\0002\000.\0004\000.\0003\000\040\000P\000r\000e\000d\000i\000c\000c\000i\000\363\000n\000\040\000d\000e\000\040\000g\000\351\000n\000e\000r\000o\000\040\000y\000\040\000t\000e\000m\000p\000o}{section.48}% 21
\BOOKMARK [1][-]{section.58}{\376\377\0002\000.\0005\000\040\000C\000o\000n\000c\000l\000u\000s\000i\000\363\000n}{chapter.16}% 22
\BOOKMARK [0][-]{appendix.59}{\376\377\000A\000\040\000R\000e\000s\000u\000l\000t\000a\000d\000o\000s\000\040\000d\000e\000\040\000e\000n\000t\000r\000e\000n\000a\000m\000i\000e\000n\000t\000o}{}% 23
\BOOKMARK [0][-]{dummy.74}{\376\377\000B\000i\000b\000l\000i\000o\000g\000r\000a\000f\000\355\000a}{}% 24
