This is pdfTeX, Version 3.14159265-2.6-1.40.20 (MiKTeX 2.9.7050 64-bit) (preloaded format=pdflatex 2019.6.30)  20 OCT 2019 19:00
entering extended mode
**./Memoria_TFM_DeepLearning_FranciscoJDuraGaliana.tex
(Memoria_TFM_DeepLearning_FranciscoJDuraGaliana.tex
LaTeX2e <2018-12-01>
(etilo_tfm_iuta.cls
Document Class: etilo_tfm_iuta 2011/11/10 v2.0 LaTeX document class
("D:\Program Files\MiKTeX 2.9\tex/latex/base\book.cls"
Document Class: book 2018/09/03 v1.4i Standard LaTeX document class
("D:\Program Files\MiKTeX 2.9\tex/latex/base\bk11.clo"
File: bk11.clo 2018/09/03 v1.4i Standard LaTeX file (size option)
)
\c@part=\count80
\c@chapter=\count81
\c@section=\count82
\c@subsection=\count83
\c@subsubsection=\count84
\c@paragraph=\count85
\c@subparagraph=\count86
\c@figure=\count87
\c@table=\count88
\abovecaptionskip=\skip41
\belowcaptionskip=\skip42
\bibindent=\dimen102
)
("D:\Program Files\MiKTeX 2.9\tex/latex/setspace\setspace.sty"
Package: setspace 2011/12/19 v6.7a set line spacing
)
("D:\Program Files\MiKTeX 2.9\tex/latex/vmargin\vmargin.sty"
Package: vmargin 2004/07/15 V2.5 set document margins (VK)

Package: vmargin 2004/07/15 V2.5 set document margins (VK)
\PaperWidth=\dimen103
\PaperHeight=\dimen104
) ("D:\Program Files\MiKTeX 2.9\tex/latex/fancyhdr\fancyhdr.sty"
Package: fancyhdr 2019/01/31 v3.10 Extensive control of page headers and footer
s
\f@nch@headwidth=\skip43
\f@nch@O@elh=\skip44
\f@nch@O@erh=\skip45
\f@nch@O@olh=\skip46
\f@nch@O@orh=\skip47
\f@nch@O@elf=\skip48
\f@nch@O@erf=\skip49
\f@nch@O@olf=\skip50
\f@nch@O@orf=\skip51
)
("D:\Program Files\MiKTeX 2.9\tex/latex/amsmath\amsmath.sty"
Package: amsmath 2018/12/01 v2.17b AMS math features
\@mathmargin=\skip52

For additional information on amsmath, use the `?' option.
("D:\Program Files\MiKTeX 2.9\tex/latex/amsmath\amstext.sty"
Package: amstext 2000/06/29 v2.01 AMS text

("D:\Program Files\MiKTeX 2.9\tex/latex/amsmath\amsgen.sty"
File: amsgen.sty 1999/11/30 v2.0 generic functions
\@emptytoks=\toks14
\ex@=\dimen105
))
("D:\Program Files\MiKTeX 2.9\tex/latex/amsmath\amsbsy.sty"
Package: amsbsy 1999/11/29 v1.2d Bold Symbols
\pmbraise@=\dimen106
)
("D:\Program Files\MiKTeX 2.9\tex/latex/amsmath\amsopn.sty"
Package: amsopn 2016/03/08 v2.02 operator names
)
\inf@bad=\count89
LaTeX Info: Redefining \frac on input line 223.
\uproot@=\count90
\leftroot@=\count91
LaTeX Info: Redefining \overline on input line 385.
\classnum@=\count92
\DOTSCASE@=\count93
LaTeX Info: Redefining \ldots on input line 482.
LaTeX Info: Redefining \dots on input line 485.
LaTeX Info: Redefining \cdots on input line 606.
\Mathstrutbox@=\box27
\strutbox@=\box28
\big@size=\dimen107
LaTeX Font Info:    Redeclaring font encoding OML on input line 729.
LaTeX Font Info:    Redeclaring font encoding OMS on input line 730.
\macc@depth=\count94
\c@MaxMatrixCols=\count95
\dotsspace@=\muskip10
\c@parentequation=\count96
\dspbrk@lvl=\count97
\tag@help=\toks15
\row@=\count98
\column@=\count99
\maxfields@=\count100
\andhelp@=\toks16
\eqnshift@=\dimen108
\alignsep@=\dimen109
\tagshift@=\dimen110
\tagwidth@=\dimen111
\totwidth@=\dimen112
\lineht@=\dimen113
\@envbody=\toks17
\multlinegap=\skip53
\multlinetaggap=\skip54
\mathdisplay@stack=\toks18
LaTeX Info: Redefining \[ on input line 2844.
LaTeX Info: Redefining \] on input line 2845.
)
("D:\Program Files\MiKTeX 2.9\tex/latex/amsfonts\amsfonts.sty"
Package: amsfonts 2013/01/14 v3.01 Basic AMSFonts support
\symAMSa=\mathgroup4
\symAMSb=\mathgroup5
LaTeX Font Info:    Overwriting math alphabet `\mathfrak' in version `bold'
(Font)                  U/euf/m/n --> U/euf/b/n on input line 106.
)
("D:\Program Files\MiKTeX 2.9\tex/latex/amsfonts\amssymb.sty"
Package: amssymb 2013/01/14 v3.01 AMS font symbols
)
("D:\Program Files\MiKTeX 2.9\tex/latex/amsmath\amscd.sty"
Package: amscd 2017/04/14 v2.1 AMS Commutative Diagrams
\athelp@=\toks19
\minaw@=\dimen114
\bigaw@=\dimen115
\minCDarrowwidth=\dimen116
)
("D:\Program Files\MiKTeX 2.9\tex/latex/amscls\amsthm.sty"
Package: amsthm 2017/10/31 v2.20.4
\thm@style=\toks20
\thm@bodyfont=\toks21
\thm@headfont=\toks22
\thm@notefont=\toks23
\thm@headpunct=\toks24
\thm@preskip=\skip55
\thm@postskip=\skip56
\thm@headsep=\skip57
\dth@everypar=\toks25
)
("D:\Program Files\MiKTeX 2.9\tex/latex/tools\xspace.sty"
Package: xspace 2014/10/28 v1.13 Space after command names (DPC,MH)
)
\c@example=\count101
\c@theorem=\count102

("D:\Program Files\MiKTeX 2.9\tex/latex/sectsty\sectsty.sty"
Package: sectsty 2002/02/25 v2.0.2 Commands to change all sectional heading sty
les
)
("D:\Program Files\MiKTeX 2.9\tex/generic/babel\babel.sty"
Package: babel 2019/06/03 3.32 The Babel package

("D:\Program Files\MiKTeX 2.9\tex/generic/babel\switch.def"
File: switch.def 2019/06/03 3.32 Babel switching mechanism
)
*************************************
* Local config file bblopts.cfg used
*
("D:\Program Files\MiKTeX 2.9\tex/latex/arabi\bblopts.cfg"
File: bblopts.cfg 2005/09/08 v0.1 add Arabic and Farsi to "declared" options of
 babel
)
("D:\Program Files\MiKTeX 2.9\tex/latex/babel-spanish\spanish.ldf"
Language: spanish.ldf 2016/03/03 v5.0p Spanish support from the babel system

("D:\Program Files\MiKTeX 2.9\tex/generic/babel\babel.def"
File: babel.def 2019/06/03 3.32 Babel common definitions
\babel@savecnt=\count103
\U@D=\dimen117

("D:\Program Files\MiKTeX 2.9\tex/generic/babel\txtbabel.def")
\bbl@dirlevel=\count104
)
\es@quottoks=\toks26
\es@quotdepth=\count105
Package babel Info: Making " an active character on input line 561.
Package babel Info: Making . an active character on input line 662.
Package babel Info: Making < an active character on input line 707.
Package babel Info: Making > an active character on input line 707.
))
("D:\Program Files\MiKTeX 2.9\tex/latex/caption\caption.sty"
Package: caption 2018/10/06 v3.3-154 Customizing captions (AR)

("D:\Program Files\MiKTeX 2.9\tex/latex/caption\caption3.sty"
Package: caption3 2018/09/12 v1.8c caption3 kernel (AR)
Package caption3 Info: TeX engine: e-TeX on input line 64.

("D:\Program Files\MiKTeX 2.9\tex/latex/graphics\keyval.sty"
Package: keyval 2014/10/28 v1.15 key=value parser (DPC)
\KV@toks@=\toks27
)
\captionmargin=\dimen118
\captionmargin@=\dimen119
\captionwidth=\dimen120
\caption@tempdima=\dimen121
\caption@indent=\dimen122
\caption@parindent=\dimen123
\caption@hangindent=\dimen124
)
\c@caption@flags=\count106
\c@ContinuedFloat=\count107
)
("D:\Program Files\MiKTeX 2.9\tex/latex/graphics\graphicx.sty"
Package: graphicx 2017/06/01 v1.1a Enhanced LaTeX Graphics (DPC,SPQR)

("D:\Program Files\MiKTeX 2.9\tex/latex/graphics\graphics.sty"
Package: graphics 2017/06/25 v1.2c Standard LaTeX Graphics (DPC,SPQR)

("D:\Program Files\MiKTeX 2.9\tex/latex/graphics\trig.sty"
Package: trig 2016/01/03 v1.10 sin cos tan (DPC)
)
("D:\Program Files\MiKTeX 2.9\tex/latex/graphics-cfg\graphics.cfg"
File: graphics.cfg 2016/06/04 v1.11 sample graphics configuration
)
Package graphics Info: Driver file: pdftex.def on input line 99.

("D:\Program Files\MiKTeX 2.9\tex/latex/graphics-def\pdftex.def"
File: pdftex.def 2018/01/08 v1.0l Graphics/color driver for pdftex
))
\Gin@req@height=\dimen125
\Gin@req@width=\dimen126
)
("D:\Program Files\MiKTeX 2.9\tex/latex/oberdiek\epstopdf.sty"
Package: epstopdf 2016/05/15 v2.6 Conversion with epstopdf on the fly (HO)

("D:\Program Files\MiKTeX 2.9\tex/latex/oberdiek\epstopdf-base.sty"
Package: epstopdf-base 2016/05/15 v2.6 Base part for package epstopdf

("D:\Program Files\MiKTeX 2.9\tex/generic/oberdiek\infwarerr.sty"
Package: infwarerr 2016/05/16 v1.4 Providing info/warning/error messages (HO)
)
("D:\Program Files\MiKTeX 2.9\tex/latex/oberdiek\grfext.sty"
Package: grfext 2016/05/16 v1.2 Manage graphics extensions (HO)

("D:\Program Files\MiKTeX 2.9\tex/generic/oberdiek\kvdefinekeys.sty"
Package: kvdefinekeys 2016/05/16 v1.4 Define keys (HO)

("D:\Program Files\MiKTeX 2.9\tex/generic/oberdiek\ltxcmds.sty"
Package: ltxcmds 2016/05/16 v1.23 LaTeX kernel commands for general use (HO)
)))
("D:\Program Files\MiKTeX 2.9\tex/latex/oberdiek\kvoptions.sty"
Package: kvoptions 2016/05/16 v3.12 Key value format for package options (HO)

("D:\Program Files\MiKTeX 2.9\tex/generic/oberdiek\kvsetkeys.sty"
Package: kvsetkeys 2016/05/16 v1.17 Key value parser (HO)

("D:\Program Files\MiKTeX 2.9\tex/generic/oberdiek\etexcmds.sty"
Package: etexcmds 2016/05/16 v1.6 Avoid name clashes with e-TeX commands (HO)

("D:\Program Files\MiKTeX 2.9\tex/generic/oberdiek\ifluatex.sty"
Package: ifluatex 2016/05/16 v1.4 Provides the ifluatex switch (HO)
Package ifluatex Info: LuaTeX not detected.
))))
("D:\Program Files\MiKTeX 2.9\tex/generic/oberdiek\pdftexcmds.sty"
Package: pdftexcmds 2018/09/10 v0.29 Utility functions of pdfTeX for LuaTeX (HO
)

("D:\Program Files\MiKTeX 2.9\tex/generic/oberdiek\ifpdf.sty"
Package: ifpdf 2018/09/07 v3.3 Provides the ifpdf switch
)
Package pdftexcmds Info: LuaTeX not detected.
Package pdftexcmds Info: \pdf@primitive is available.
Package pdftexcmds Info: \pdf@ifprimitive is available.
Package pdftexcmds Info: \pdfdraftmode found.
)
Package epstopdf-base Info: Redefining graphics rule for `.eps' on input line 4
38.
Package grfext Info: Graphics extension search list:
(grfext)             [.pdf,.png,.jpg,.mps,.jpeg,.jbig2,.jb2,.PDF,.PNG,.JPG,.JPE
G,.JBIG2,.JB2,.eps]
(grfext)             \AppendGraphicsExtensions on input line 456.
))
("D:\Program Files\MiKTeX 2.9\tex/latex/subfigure\subfigure.sty"
Package: subfigure 2002/07/30 v2.1.4 subfigure package
\subfigtopskip=\skip58
\subfigcapskip=\skip59
\subfigcaptopadj=\dimen127
\subfigbottomskip=\skip60
\subfigcapmargin=\dimen128
\subfiglabelskip=\skip61
\c@subfigure=\count108
\c@lofdepth=\count109
\c@subtable=\count110
\c@lotdepth=\count111

****************************************
* Local config file subfigure.cfg used *
****************************************
("D:\Program Files\MiKTeX 2.9\tex/latex/subfigure\subfigure.cfg")
\subfig@top=\skip62
\subfig@bottom=\skip63
)
("D:\Program Files\MiKTeX 2.9\tex/latex/booktabs\booktabs.sty"
Package: booktabs 2005/04/14 v1.61803 publication quality tables
\heavyrulewidth=\dimen129
\lightrulewidth=\dimen130
\cmidrulewidth=\dimen131
\belowrulesep=\dimen132
\belowbottomsep=\dimen133
\aboverulesep=\dimen134
\abovetopsep=\dimen135
\cmidrulesep=\dimen136
\cmidrulekern=\dimen137
\defaultaddspace=\dimen138
\@cmidla=\count112
\@cmidlb=\count113
\@aboverulesep=\dimen139
\@belowrulesep=\dimen140
\@thisruleclass=\count114
\@lastruleclass=\count115
\@thisrulewidth=\dimen141
)
("D:\Program Files\MiKTeX 2.9\tex/latex/graphics\rotating.sty"
Package: rotating 2016/08/11 v2.16d rotated objects in LaTeX

("D:\Program Files\MiKTeX 2.9\tex/latex/base\ifthen.sty"
Package: ifthen 2014/09/29 v1.1c Standard LaTeX ifthen package (DPC)
)
\c@r@tfl@t=\count116
\rotFPtop=\skip64
\rotFPbot=\skip65
\rot@float@box=\box29
\rot@mess@toks=\toks28
)
("D:\Program Files\MiKTeX 2.9\tex/latex/listings\listings.sty"
\lst@mode=\count117
\lst@gtempboxa=\box30
\lst@token=\toks29
\lst@length=\count118
\lst@currlwidth=\dimen142
\lst@column=\count119
\lst@pos=\count120
\lst@lostspace=\dimen143
\lst@width=\dimen144
\lst@newlines=\count121
\lst@lineno=\count122
\lst@maxwidth=\dimen145

("D:\Program Files\MiKTeX 2.9\tex/latex/listings\lstmisc.sty"
File: lstmisc.sty 2019/02/27 1.8b (Carsten Heinz)
\c@lstnumber=\count123
\lst@skipnumbers=\count124
\lst@framebox=\box31
)
("D:\Program Files\MiKTeX 2.9\tex/latex/listings\listings.cfg"
File: listings.cfg 2019/02/27 1.8b listings configuration
))
Package: listings 2019/02/27 1.8b (Carsten Heinz)

("D:\Program Files\MiKTeX 2.9\tex/latex/xifthen\xifthen.sty"
Package: xifthen 2015/11/05 v1.4.0 Extended ifthen features

("D:\Program Files\MiKTeX 2.9\tex/latex/tools\calc.sty"
Package: calc 2017/05/25 v4.3 Infix arithmetic (KKT,FJ)
\calc@Acount=\count125
\calc@Bcount=\count126
\calc@Adimen=\dimen146
\calc@Bdimen=\dimen147
\calc@Askip=\skip66
\calc@Bskip=\skip67
LaTeX Info: Redefining \setlength on input line 80.
LaTeX Info: Redefining \addtolength on input line 81.
\calc@Ccount=\count127
\calc@Cskip=\skip68
)
("D:\Program Files\MiKTeX 2.9\tex/latex/ifmtarg\ifmtarg.sty"
Package: ifmtarg 2018/04/16 v1.2b check for an empty argument
))
("D:\Program Files\MiKTeX 2.9\tex/latex/hyperref\hyperref.sty"
Package: hyperref 2018/11/30 v6.88e Hypertext links for LaTeX

("D:\Program Files\MiKTeX 2.9\tex/generic/oberdiek\hobsub-hyperref.sty"
Package: hobsub-hyperref 2016/05/16 v1.14 Bundle oberdiek, subset hyperref (HO)


("D:\Program Files\MiKTeX 2.9\tex/generic/oberdiek\hobsub-generic.sty"
Package: hobsub-generic 2016/05/16 v1.14 Bundle oberdiek, subset generic (HO)
Package: hobsub 2016/05/16 v1.14 Construct package bundles (HO)
Package hobsub Info: Skipping package `infwarerr' (already loaded).
Package hobsub Info: Skipping package `ltxcmds' (already loaded).
Package hobsub Info: Skipping package `ifluatex' (already loaded).
Package: ifvtex 2016/05/16 v1.6 Detect VTeX and its facilities (HO)
Package ifvtex Info: VTeX not detected.
Package: intcalc 2016/05/16 v1.2 Expandable calculations with integers (HO)
Package hobsub Info: Skipping package `ifpdf' (already loaded).
Package hobsub Info: Skipping package `etexcmds' (already loaded).
Package hobsub Info: Skipping package `kvsetkeys' (already loaded).
Package hobsub Info: Skipping package `kvdefinekeys' (already loaded).
Package hobsub Info: Skipping package `pdftexcmds' (already loaded).
Package: pdfescape 2016/05/16 v1.14 Implements pdfTeX's escape features (HO)
Package: bigintcalc 2016/05/16 v1.4 Expandable calculations on big integers (HO
)
Package: bitset 2016/05/16 v1.2 Handle bit-vector datatype (HO)
Package: uniquecounter 2016/05/16 v1.3 Provide unlimited unique counter (HO)
)
Package hobsub Info: Skipping package `hobsub' (already loaded).
Package: letltxmacro 2016/05/16 v1.5 Let assignment for LaTeX macros (HO)
Package: hopatch 2016/05/16 v1.3 Wrapper for package hooks (HO)
Package: xcolor-patch 2016/05/16 xcolor patch
Package: atveryend 2016/05/16 v1.9 Hooks at the very end of document (HO)
Package atveryend Info: \enddocument detected (standard20110627).
Package: atbegshi 2016/06/09 v1.18 At begin shipout hook (HO)
Package: refcount 2016/05/16 v3.5 Data extraction from label references (HO)
Package: hycolor 2016/05/16 v1.8 Color options for hyperref/bookmark (HO)
)
("D:\Program Files\MiKTeX 2.9\tex/generic/ifxetex\ifxetex.sty"
Package: ifxetex 2010/09/12 v0.6 Provides ifxetex conditional
)
("D:\Program Files\MiKTeX 2.9\tex/latex/oberdiek\auxhook.sty"
Package: auxhook 2016/05/16 v1.4 Hooks for auxiliary files (HO)
)
\@linkdim=\dimen148
\Hy@linkcounter=\count128
\Hy@pagecounter=\count129

("D:\Program Files\MiKTeX 2.9\tex/latex/hyperref\pd1enc.def"
File: pd1enc.def 2018/11/30 v6.88e Hyperref: PDFDocEncoding definition (HO)
Now handling font encoding PD1 ...
... no UTF-8 mapping file for font encoding PD1
)
\Hy@SavedSpaceFactor=\count130

("D:\Program Files\MiKTeX 2.9\tex/latex/00miktex\hyperref.cfg"
File: hyperref.cfg 2002/06/06 v1.2 hyperref configuration of TeXLive
)
Package hyperref Info: Option `bookmarks' set `true' on input line 4393.
Package hyperref Info: Option `bookmarksopen' set `true' on input line 4393.
Package hyperref Info: Option `bookmarksnumbered' set `true' on input line 4393
.
Package hyperref Info: Option `hypertexnames' set `false' on input line 4393.
Package hyperref Info: Option `colorlinks' set `true' on input line 4393.
Package hyperref Info: Option `unicode' set `true' on input line 4393.

("D:\Program Files\MiKTeX 2.9\tex/latex/hyperref\puenc.def"
File: puenc.def 2018/11/30 v6.88e Hyperref: PDF Unicode definition (HO)
Now handling font encoding PU ...
... no UTF-8 mapping file for font encoding PU
)
Package hyperref Info: Option `breaklinks' set `true' on input line 4393.
Package hyperref Info: Hyper figures OFF on input line 4519.
Package hyperref Info: Link nesting OFF on input line 4524.
Package hyperref Info: Hyper index ON on input line 4527.
Package hyperref Info: Plain pages OFF on input line 4534.
Package hyperref Info: Backreferencing OFF on input line 4539.
Package hyperref Info: Implicit mode ON; LaTeX internals redefined.
Package hyperref Info: Bookmarks ON on input line 4772.
\c@Hy@tempcnt=\count131

("D:\Program Files\MiKTeX 2.9\tex/latex/url\url.sty"
\Urlmuskip=\muskip11
Package: url 2013/09/16  ver 3.4  Verb mode for urls, etc.
)
LaTeX Info: Redefining \url on input line 5125.
\XeTeXLinkMargin=\dimen149
\Fld@menulength=\count132
\Field@Width=\dimen150
\Fld@charsize=\dimen151
Package hyperref Info: Hyper figures OFF on input line 6380.
Package hyperref Info: Link nesting OFF on input line 6385.
Package hyperref Info: Hyper index ON on input line 6388.
Package hyperref Info: backreferencing OFF on input line 6395.
Package hyperref Info: Link coloring ON on input line 6398.
Package hyperref Info: Link coloring with OCG OFF on input line 6405.
Package hyperref Info: PDF/A mode OFF on input line 6410.
LaTeX Info: Redefining \ref on input line 6450.
LaTeX Info: Redefining \pageref on input line 6454.
\Hy@abspage=\count133
\c@Item=\count134
\c@Hfootnote=\count135
)
Package hyperref Info: Driver (autodetected): hpdftex.

("D:\Program Files\MiKTeX 2.9\tex/latex/hyperref\hpdftex.def"
File: hpdftex.def 2018/11/30 v6.88e Hyperref driver for pdfTeX
\Fld@listcount=\count136
\c@bookmark@seq@number=\count137

("D:\Program Files\MiKTeX 2.9\tex/latex/oberdiek\rerunfilecheck.sty"
Package: rerunfilecheck 2016/05/16 v1.8 Rerun checks for auxiliary files (HO)
Package uniquecounter Info: New unique counter `rerunfilecheck' on input line 2
82.
)
\Hy@SectionHShift=\skip69
)
\c@dummy=\count138

("D:\Program Files\MiKTeX 2.9\tex/latex/tools\longtable.sty"
Package: longtable 2014/10/28 v4.11 Multi-page Table package (DPC)+ FMi change
\LTleft=\skip70
\LTright=\skip71
\LTpre=\skip72
\LTpost=\skip73
\LTchunksize=\count139
\LTcapwidth=\dimen152
\LT@head=\box32
\LT@firsthead=\box33
\LT@foot=\box34
\LT@lastfoot=\box35
\LT@cols=\count140
\LT@rows=\count141
\c@LT@tables=\count142
\c@LT@chunks=\count143
\LT@p@ftn=\toks30
))
("D:\Program Files\MiKTeX 2.9\tex/latex/natbib\natbib.sty"
Package: natbib 2010/09/13 8.31b (PWD, AO)
\bibhang=\skip74
\bibsep=\skip75
LaTeX Info: Redefining \cite on input line 694.
\c@NAT@ctr=\count144
)
("D:\Program Files\MiKTeX 2.9\tex/latex/graphics\color.sty"
Package: color 2016/07/10 v1.1e Standard LaTeX Color (DPC)

("D:\Program Files\MiKTeX 2.9\tex/latex/graphics-cfg\color.cfg"
File: color.cfg 2016/01/02 v1.6 sample color configuration
)
Package color Info: Driver file: pdftex.def on input line 147.
)
("D:\Program Files\MiKTeX 2.9\tex/latex/xcolor\xcolor.sty"
Package: xcolor 2016/05/11 v2.12 LaTeX color extensions (UK)

("D:\Program Files\MiKTeX 2.9\tex/latex/graphics-cfg\color.cfg"
File: color.cfg 2016/01/02 v1.6 sample color configuration
)
Package xcolor Info: Package option `usenames' ignored on input line 216.
Package xcolor Info: Driver file: pdftex.def on input line 225.

("D:\Program Files\MiKTeX 2.9\tex/latex/colortbl\colortbl.sty"
Package: colortbl 2018/12/12 v1.0d Color table columns (DPC)

("D:\Program Files\MiKTeX 2.9\tex/latex/tools\array.sty"
Package: array 2018/12/30 v2.4k Tabular extension package (FMi)
\col@sep=\dimen153
\ar@mcellbox=\box36
\extrarowheight=\dimen154
\NC@list=\toks31
\extratabsurround=\skip76
\backup@length=\skip77
\ar@cellbox=\box37
)
\everycr=\toks32
\minrowclearance=\skip78
)
LaTeX Info: Redefining \color on input line 709.
\rownum=\count145
Package xcolor Info: Model `cmy' substituted by `cmy0' on input line 1348.
Package xcolor Info: Model `hsb' substituted by `rgb' on input line 1352.
Package xcolor Info: Model `RGB' extended on input line 1364.
Package xcolor Info: Model `HTML' substituted by `rgb' on input line 1366.
Package xcolor Info: Model `Hsb' substituted by `hsb' on input line 1367.
Package xcolor Info: Model `tHsb' substituted by `hsb' on input line 1368.
Package xcolor Info: Model `HSB' substituted by `hsb' on input line 1369.
Package xcolor Info: Model `Gray' substituted by `gray' on input line 1370.
Package xcolor Info: Model `wave' substituted by `hsb' on input line 1371.

("D:\Program Files\MiKTeX 2.9\tex/latex/graphics\dvipsnam.def"
File: dvipsnam.def 2016/06/17 v3.0m Driver-dependent file (DPC,SPQR)
)
("D:\Program Files\MiKTeX 2.9\tex/latex/xcolor\svgnam.def"
File: svgnam.def 2016/05/11 v2.12 Predefined colors according to SVG 1.1 (UK)
))
Package hyperref Info: Option `unicode' set `true' on input line 29.
Package hyperref Info: Option `pdfnewwindow' set `true' on input line 29.
Package hyperref Info: Option `colorlinks' set `true' on input line 29.
Package hyperref Info: Option `breaklinks' set `true' on input line 29.
 (Definitions.tex
\c@address=\count146
\c@alg=\count147
)
(Memoria_TFM_DeepLearning_FranciscoJDuraGaliana.aux
LaTeX Info: Redefining \. on input line 23.
LaTeX Info: Redefining \% on input line 23.
 (Introduccion.aux)
(modelo.aux) (apendice1.aux))
\openout1 = `Memoria_TFM_DeepLearning_FranciscoJDuraGaliana.aux'.

LaTeX Font Info:    Checking defaults for OML/cmm/m/it on input line 32.
LaTeX Font Info:    ... okay on input line 32.
LaTeX Font Info:    Checking defaults for T1/cmr/m/n on input line 32.
LaTeX Font Info:    ... okay on input line 32.
LaTeX Font Info:    Checking defaults for OT1/cmr/m/n on input line 32.
LaTeX Font Info:    ... okay on input line 32.
LaTeX Font Info:    Checking defaults for OMS/cmsy/m/n on input line 32.
LaTeX Font Info:    ... okay on input line 32.
LaTeX Font Info:    Checking defaults for OMX/cmex/m/n on input line 32.
LaTeX Font Info:    ... okay on input line 32.
LaTeX Font Info:    Checking defaults for U/cmr/m/n on input line 32.
LaTeX Font Info:    ... okay on input line 32.
LaTeX Font Info:    Checking defaults for PD1/pdf/m/n on input line 32.
LaTeX Font Info:    ... okay on input line 32.
LaTeX Font Info:    Checking defaults for PU/pdf/m/n on input line 32.
LaTeX Font Info:    ... okay on input line 32.
LaTeX Info: Redefining \. on input line 32.
LaTeX Info: Redefining \% on input line 32.
Package caption Info: Begin \AtBeginDocument code.
Package caption Info: hyperref package is loaded.
Package caption Info: listings package is loaded.
Package caption Info: longtable package is loaded.

("D:\Program Files\MiKTeX 2.9\tex/latex/caption\ltcaption.sty"
Package: ltcaption 2018/08/26 v1.4-95 longtable captions (AR)
)
Package caption Info: rotating package is loaded.
Package caption Info: subfigure package is loaded.
Package caption Info: End \AtBeginDocument code.

("D:\Program Files\MiKTeX 2.9\tex/context/base/mkii\supp-pdf.mkii"
[Loading MPS to PDF converter (version 2006.09.02).]
\scratchcounter=\count148
\scratchdimen=\dimen155
\scratchbox=\box38
\nofMPsegments=\count149
\nofMParguments=\count150
\everyMPshowfont=\toks33
\MPscratchCnt=\count151
\MPscratchDim=\dimen156
\MPnumerator=\count152
\makeMPintoPDFobject=\count153
\everyMPtoPDFconversion=\toks34
)
\c@lstlisting=\count154
\AtBeginShipoutBox=\box39
Package hyperref Info: Link coloring ON on input line 32.
 ("D:\Program Files\MiKTeX 2.9\tex/latex/hyperref\nameref.sty"
Package: nameref 2016/05/21 v2.44 Cross-referencing by name of section

("D:\Program Files\MiKTeX 2.9\tex/generic/oberdiek\gettitlestring.sty"
Package: gettitlestring 2016/05/16 v1.5 Cleanup title references (HO)
)
\c@section@level=\count155
)
LaTeX Info: Redefining \ref on input line 32.
LaTeX Info: Redefining \pageref on input line 32.
LaTeX Info: Redefining \nameref on input line 32.

(Memoria_TFM_DeepLearning_FranciscoJDuraGaliana.out)
(Memoria_TFM_DeepLearning_FranciscoJDuraGaliana.out)
\@outlinefile=\write3
\openout3 = `Memoria_TFM_DeepLearning_FranciscoJDuraGaliana.out'.


------------------------------------------------------------------------------
 Title Page
------------------------------------------------------------------------------
<escudo_uah.png, id=100, 292.09125pt x 319.1925pt>
File: escudo_uah.png Graphic file (type png)
<use escudo_uah.png>
Package pdftex.def Info: escudo_uah.png  used on input line 45.
(pdftex.def)             Requested size: 156.22046pt x 170.71652pt.
[1



{C:/Users/franc/AppData/Local/MiKTeX/2.9/pdftex/config/pdftex.map} <./escudo_ua
h.png>] [2

]
------------------------------------------------------------------------------
 Abstract Page
------------------------------------------------------------------------------
File: escudo_uah.png Graphic file (type png)
<use escudo_uah.png>
Package pdftex.def Info: escudo_uah.png  used on input line 46.
(pdftex.def)             Requested size: 130.18297pt x 142.26378pt.
[3] [4

]
------------------------------------------------------------------------------
 Table of Contents
------------------------------------------------------------------------------
(Memoria_TFM_DeepLearning_FranciscoJDuraGaliana.toc
LaTeX Info: Redefining \. on input line 1.
LaTeX Info: Redefining \% on input line 1.
LaTeX Font Info:    Try loading font information for U+msa on input line 3.

("D:\Program Files\MiKTeX 2.9\tex/latex/amsfonts\umsa.fd"
File: umsa.fd 2013/01/14 v3.01 AMS symbols A
)
LaTeX Font Info:    Try loading font information for U+msb on input line 3.

("D:\Program Files\MiKTeX 2.9\tex/latex/amsfonts\umsb.fd"
File: umsb.fd 2013/01/14 v3.01 AMS symbols B
))
\tf@toc=\write4
\openout4 = `Memoria_TFM_DeepLearning_FranciscoJDuraGaliana.toc'.

 [5

] [6

]
------------------------------------------------------------------------------
 Lista de Figuras
------------------------------------------------------------------------------
(Memoria_TFM_DeepLearning_FranciscoJDuraGaliana.lof
LaTeX Info: Redefining \. on input line 1.
LaTeX Info: Redefining \% on input line 1.
 [7

])
\tf@lof=\write5
\openout5 = `Memoria_TFM_DeepLearning_FranciscoJDuraGaliana.lof'.

LaTeX Info: Redefining \. on input line 52.
LaTeX Info: Redefining \% on input line 52.
 [8]
------------------------------------------------------------------------------
 Lista de Tablas
------------------------------------------------------------------------------
(Memoria_TFM_DeepLearning_FranciscoJDuraGaliana.lot
LaTeX Info: Redefining \. on input line 1.
LaTeX Info: Redefining \% on input line 1.
)
\tf@lot=\write6
\openout6 = `Memoria_TFM_DeepLearning_FranciscoJDuraGaliana.lot'.

 [9


] [10

]
\openout2 = `Introduccion.aux'.

 (Introduccion.tex
Cap\'{\i }tulo 1.
------------------------------------------------------------------------------
 1 Planteamiento del problema y revisi\IeC {\'o}n de la literatura
------------------------------------------------------------------------------
[1



]
<Figures/lstm_cell.png, id=397, 507.39563pt x 502.87875pt>
File: Figures/lstm_cell.png Graphic file (type png)
<use Figures/lstm_cell.png>
Package pdftex.def Info: Figures/lstm_cell.png  used on input line 17.
(pdftex.def)             Requested size: 165.27953pt x 163.80197pt.
LaTeX Info: Redefining \. on input line 23.
LaTeX Info: Redefining \% on input line 23.
 [2 <./Figures/lstm_cell.png>]
<Figures/audio-spectrogram_model_costa2017.png, id=426, 618.81187pt x 581.17125
pt>
File: Figures/audio-spectrogram_model_costa2017.png Graphic file (type png)
<use Figures/audio-spectrogram_model_costa2017.png>
Package pdftex.def Info: Figures/audio-spectrogram_model_costa2017.png  used on
 input line 30.
(pdftex.def)             Requested size: 247.92561pt x 232.8457pt.
LaTeX Info: Redefining \. on input line 36.
LaTeX Info: Redefining \% on input line 36.
 [3]
LaTeX Info: Redefining \. on input line 40.
LaTeX Info: Redefining \% on input line 40.
 [4 <./Figures/audio-spectrogram_model_costa2017.png>]
<Figures/deeplearningpipeline_pons2018.png, id=455, 849.1725pt x 120.45pt>
File: Figures/deeplearningpipeline_pons2018.png Graphic file (type png)
<use Figures/deeplearningpipeline_pons2018.png>
Package pdftex.def Info: Figures/deeplearningpipeline_pons2018.png  used on inp
ut line 45.
(pdftex.def)             Requested size: 289.24234pt x 41.0278pt.
<Figures/CNN_instrument2017.png, id=466, 895.09406pt x 274.02374pt>
File: Figures/CNN_instrument2017.png Graphic file (type png)
<use Figures/CNN_instrument2017.png>
Package pdftex.def Info: Figures/CNN_instrument2017.png  used on input line 62.

(pdftex.def)             Requested size: 371.88211pt x 113.85153pt.
LaTeX Info: Redefining \. on input line 68.
LaTeX Info: Redefining \% on input line 68.
 [5 <./Figures/deeplearningpipeline_pons2018.png>]
LaTeX Info: Redefining \. on input line 72.
LaTeX Info: Redefining \% on input line 72.
 [6 <./Figures/CNN_instrument2017.png>]
LaTeX Info: Redefining \. on input line 97.
LaTeX Info: Redefining \% on input line 97.
 [7]
<Figures/system_architecture_Lazaro2017.png, id=518, 543.53062pt x 459.21562pt>

File: Figures/system_architecture_Lazaro2017.png Graphic file (type png)
<use Figures/system_architecture_Lazaro2017.png>
Package pdftex.def Info: Figures/system_architecture_Lazaro2017.png  used on in
put line 104.
(pdftex.def)             Requested size: 289.24234pt x 244.38512pt.
LaTeX Info: Redefining \. on input line 112.
LaTeX Info: Redefining \% on input line 112.
 [8]
LaTeX Info: Redefining \. on input line 116.
LaTeX Info: Redefining \% on input line 116.
 [9 <./Figures/system_architecture_Lazaro2017.png>]
<Figures/system_architecture_Schreiber2018.png, id=548, 794.2172pt x 581.92406p
t>
File: Figures/system_architecture_Schreiber2018.png Graphic file (type png)
<use Figures/system_architecture_Schreiber2018.png>
Package pdftex.def Info: Figures/system_architecture_Schreiber2018.png  used on
 input line 121.
(pdftex.def)             Requested size: 371.88211pt x 272.4832pt.
LaTeX Info: Redefining \. on input line 146.
LaTeX Info: Redefining \% on input line 146.
 [10])
LaTeX Info: Redefining \. on input line 57.
LaTeX Info: Redefining \% on input line 57.
 [11 <./Figures/system_architecture_Schreiber2018.png>]
\openout2 = `modelo.aux'.

 (modelo.tex
[12



]
Cap\'{\i }tulo 2.
------------------------------------------------------------------------------
 2 Descripci\IeC {\'o}n de la t\IeC {\'e}cnica y resultados
------------------------------------------------------------------------------
[13]
LaTeX Info: Redefining \. on input line 49.
LaTeX Info: Redefining \% on input line 49.
 [14]
<Figures/distribucion_tempo_datasets.png, id=590, 730.22812pt x 239.39438pt>
File: Figures/distribucion_tempo_datasets.png Graphic file (type png)
<use Figures/distribucion_tempo_datasets.png>
Package pdftex.def Info: Figures/distribucion_tempo_datasets.png  used on input
 line 52.
(pdftex.def)             Requested size: 371.88211pt x 121.91417pt.
<Figures/distribucion_genero_datasets_1.png, id=592, 718.18312pt x 264.23718pt>

File: Figures/distribucion_genero_datasets_1.png Graphic file (type png)
<use Figures/distribucion_genero_datasets_1.png>
Package pdftex.def Info: Figures/distribucion_genero_datasets_1.png  used on in
put line 61.
(pdftex.def)             Requested size: 371.88211pt x 136.82755pt.
LaTeX Info: Redefining \. on input line 70.
LaTeX Info: Redefining \% on input line 70.
 [15 <./Figures/distribucion_tempo_datasets.png> <./Figures/distribucion_genero
_datasets_1.png>]
<Figures/espectrogramas2.png, id=600, 709.14937pt x 207.77625pt>
File: Figures/espectrogramas2.png Graphic file (type png)
<use Figures/espectrogramas2.png>
Package pdftex.def Info: Figures/espectrogramas2.png  used on input line 73.
(pdftex.def)             Requested size: 371.88211pt x 108.96051pt.
<Figures/espectrogramas_db2.png, id=603, 712.91344pt x 208.52907pt>
File: Figures/espectrogramas_db2.png Graphic file (type png)
<use Figures/espectrogramas_db2.png>
Package pdftex.def Info: Figures/espectrogramas_db2.png  used on input line 82.

(pdftex.def)             Requested size: 371.88211pt x 108.77618pt.
LaTeX Info: Redefining \. on input line 88.
LaTeX Info: Redefining \% on input line 88.
 [16 <./Figures/espectrogramas2.png> <./Figures/espectrogramas_db2.png>]
LaTeX Info: Redefining \. on input line 113.
LaTeX Info: Redefining \% on input line 113.
 [17]
LaTeX Info: Redefining \. on input line 152.
LaTeX Info: Redefining \% on input line 152.
 [18]
<Figures/distribucion_y.png, id=625, 904.88063pt x 219.06844pt>
File: Figures/distribucion_y.png Graphic file (type png)
<use Figures/distribucion_y.png>
Package pdftex.def Info: Figures/distribucion_y.png  used on input line 155.
(pdftex.def)             Requested size: 413.20515pt x 100.03395pt.
LaTeX Info: Redefining \. on input line 174.
LaTeX Info: Redefining \% on input line 174.
 [19 <./Figures/distribucion_y.png>]
LaTeX Font Info:    Try loading font information for OMS+cmr on input line 178.


("D:\Program Files\MiKTeX 2.9\tex/latex/base\omscmr.fd"
File: omscmr.fd 2014/09/29 v2.5h Standard LaTeX font definitions
)
LaTeX Font Info:    Font shape `OMS/cmr/m/n' in size <10.95> not available
(Font)              Font shape `OMS/cmsy/m/n' tried instead on input line 178.
LaTeX Info: Redefining \. on input line 210.
LaTeX Info: Redefining \% on input line 210.
 [20]
<Figures/parallel_architecture.png, id=642, 772.38562pt x 286.82156pt>
File: Figures/parallel_architecture.png Graphic file (type png)
<use Figures/parallel_architecture.png>
Package pdftex.def Info: Figures/parallel_architecture.png  used on input line 
216.
(pdftex.def)             Requested size: 413.20515pt x 153.44144pt.
LaTeX Info: Redefining \. on input line 229.
LaTeX Info: Redefining \% on input line 229.
 [21 <./Figures/parallel_architecture.png>]
<Figures/simple_tempo_architecture.png, id=651, 922.19531pt x 279.29344pt>
File: Figures/simple_tempo_architecture.png Graphic file (type png)
<use Figures/simple_tempo_architecture.png>
Package pdftex.def Info: Figures/simple_tempo_architecture.png  used on input l
ine 260.
(pdftex.def)             Requested size: 413.20515pt x 125.13965pt.
LaTeX Info: Redefining \. on input line 268.
LaTeX Info: Redefining \% on input line 268.
 [22]
<Figures/tempo_2_architecture.png, id=660, 966.61125pt x 139.27031pt>
File: Figures/tempo_2_architecture.png Graphic file (type png)
<use Figures/tempo_2_architecture.png>
Package pdftex.def Info: Figures/tempo_2_architecture.png  used on input line 2
71.
(pdftex.def)             Requested size: 413.20515pt x 59.53441pt.
LaTeX Info: Redefining \. on input line 281.
LaTeX Info: Redefining \% on input line 281.
 [23 <./Figures/simple_tempo_architecture.png> <./Figures/tempo_2_architecture.
png>]
<Figures/arquitectura_simple_mix.png, id=668, 761.84625pt x 225.84375pt>
File: Figures/arquitectura_simple_mix.png Graphic file (type png)
<use Figures/arquitectura_simple_mix.png>
Package pdftex.def Info: Figures/arquitectura_simple_mix.png  used on input lin
e 284.
(pdftex.def)             Requested size: 413.20515pt x 122.4914pt.
<Figures/arquitectura_mix.png, id=670, 661.72218pt x 237.13594pt>
File: Figures/arquitectura_mix.png Graphic file (type png)
<use Figures/arquitectura_mix.png>
Package pdftex.def Info: Figures/arquitectura_mix.png  used on input line 295.
(pdftex.def)             Requested size: 413.20515pt x 148.0757pt.
LaTeX Info: Redefining \. on input line 305.
LaTeX Info: Redefining \% on input line 305.
 [24 <./Figures/arquitectura_simple_mix.png>]
LaTeX Info: Redefining \. on input line 310.
LaTeX Info: Redefining \% on input line 310.
 [25 <./Figures/arquitectura_mix.png>]
LaTeX Info: Redefining \. on input line 328.
LaTeX Info: Redefining \% on input line 328.
 [26]
LaTeX Info: Redefining \. on input line 365.
LaTeX Info: Redefining \% on input line 365.
 [27]
LaTeX Info: Redefining \. on input line 395.
LaTeX Info: Redefining \% on input line 395.
 [28]
LaTeX Info: Redefining \. on input line 425.
LaTeX Info: Redefining \% on input line 425.
 [29])
LaTeX Info: Redefining \. on input line 58.
LaTeX Info: Redefining \% on input line 58.
 [30]
\openout2 = `apendice1.aux'.


(apendice1.tex
Ap\'{e}ndice A.
------------------------------------------------------------------------------
 A Resultados de entrenamiento
------------------------------------------------------------------------------
<Figures/entrenamiento_genero_simple.png, id=717, 679.78969pt x 286.82156pt>
File: Figures/entrenamiento_genero_simple.png Graphic file (type png)
<use Figures/entrenamiento_genero_simple.png>
Package pdftex.def Info: Figures/entrenamiento_genero_simple.png  used on input
 line 7.
(pdftex.def)             Requested size: 371.88211pt x 156.90765pt.
<Figures/confusion_genero_simple.png, id=718, 363.60844pt x 368.1253pt>
File: Figures/confusion_genero_simple.png Graphic file (type png)
<use Figures/confusion_genero_simple.png>
Package pdftex.def Info: Figures/confusion_genero_simple.png  used on input lin
e 14.
(pdftex.def)             Requested size: 206.60257pt x 209.17639pt.
<Figures/entrenamiento_genero_split.png, id=719, 676.77844pt x 289.08pt>
File: Figures/entrenamiento_genero_split.png Graphic file (type png)
<use Figures/entrenamiento_genero_split.png>
Package pdftex.def Info: Figures/entrenamiento_genero_split.png  used on input 
line 21.
(pdftex.def)             Requested size: 371.88211pt x 158.84892pt.
<Figures/confusion_genero_split.png, id=720, 367.3725pt x 365.86688pt>
File: Figures/confusion_genero_split.png Graphic file (type png)
<use Figures/confusion_genero_split.png>
Package pdftex.def Info: Figures/confusion_genero_split.png  used on input line
 28.
(pdftex.def)             Requested size: 206.60257pt x 205.76053pt.
<Figures/entrenamiento_tempo_H2V.png, id=721, 676.77844pt x 290.58563pt>
File: Figures/entrenamiento_tempo_H2V.png Graphic file (type png)
<use Figures/entrenamiento_tempo_H2V.png>
Package pdftex.def Info: Figures/entrenamiento_tempo_H2V.png  used on input lin
e 37.
(pdftex.def)             Requested size: 371.88211pt x 159.67625pt.
<Figures/confusion_tempo_H2V.png, id=722, 368.1253pt x 364.36125pt>
File: Figures/confusion_tempo_H2V.png Graphic file (type png)
<use Figures/confusion_tempo_H2V.png>
Package pdftex.def Info: Figures/confusion_tempo_H2V.png  used on input line 44
.
(pdftex.def)             Requested size: 206.60257pt x 204.4968pt.
<Figures/entrenamiento_tempo_V2H.png, id=723, 669.2503pt x 292.84406pt>
File: Figures/entrenamiento_tempo_V2H.png Graphic file (type png)
<use Figures/entrenamiento_tempo_V2H.png>
Package pdftex.def Info: Figures/entrenamiento_tempo_V2H.png  used on input lin
e 51.
(pdftex.def)             Requested size: 371.88211pt x 162.73145pt.
<Figures/confusion_tempo_V2H.png, id=724, 368.1253pt x 368.1253pt>
File: Figures/confusion_tempo_V2H.png Graphic file (type png)
<use Figures/confusion_tempo_V2H.png>
Package pdftex.def Info: Figures/confusion_tempo_V2H.png  used on input line 58
.
(pdftex.def)             Requested size: 206.60257pt x 206.60936pt.
<Figures/entrenamiento_simple.png, id=725, 752.0597pt x 594.72188pt>
File: Figures/entrenamiento_simple.png Graphic file (type png)
<use Figures/entrenamiento_simple.png>
Package pdftex.def Info: Figures/entrenamiento_simple.png  used on input line 6
7.
(pdftex.def)             Requested size: 371.88211pt x 294.08423pt.
<Figures/confusion_simple.png, id=726, 362.85562pt x 365.11406pt>
File: Figures/confusion_simple.png Graphic file (type png)
<use Figures/confusion_simple.png>
Package pdftex.def Info: Figures/confusion_simple.png  used on input line 74.
(pdftex.def)             Requested size: 206.60257pt x 207.89432pt.
<Figures/scatter_simple.png, id=727, 555.57562pt x 369.63094pt>
File: Figures/scatter_simple.png Graphic file (type png)
<use Figures/scatter_simple.png>
Package pdftex.def Info: Figures/scatter_simple.png  used on input line 81.
(pdftex.def)             Requested size: 206.60257pt x 137.45503pt.
<Figures/entrenamiento_final.png, id=728, 747.54282pt x 589.4522pt>
File: Figures/entrenamiento_final.png Graphic file (type png)
<use Figures/entrenamiento_final.png>
Package pdftex.def Info: Figures/entrenamiento_final.png  used on input line 88
.
(pdftex.def)             Requested size: 371.88211pt x 293.23232pt.
<Figures/confusion_final_genero.png, id=729, 363.60844pt x 371.13657pt>
File: Figures/confusion_final_genero.png Graphic file (type png)
<use Figures/confusion_final_genero.png>
Package pdftex.def Info: Figures/confusion_final_genero.png  used on input line
 95.
(pdftex.def)             Requested size: 206.60257pt x 210.88745pt.
<Figures/confusion_final_tempo.png, id=730, 362.10281pt x 370.38374pt>
File: Figures/confusion_final_tempo.png Graphic file (type png)
<use Figures/confusion_final_tempo.png>
Package pdftex.def Info: Figures/confusion_final_tempo.png  used on input line 
102.
(pdftex.def)             Requested size: 206.60257pt x 211.33003pt.
) [31



 <./Figures/entrenamiento_genero_simple.png>]
LaTeX Info: Redefining \. on input line 60.
LaTeX Info: Redefining \% on input line 60.
 [32 <./Figures/confusion_genero_simple.png> <./Figures/entrenamiento_genero_sp
lit.png>]
LaTeX Info: Redefining \. on input line 60.
LaTeX Info: Redefining \% on input line 60.
 [33 <./Figures/confusion_genero_split.png> <./Figures/entrenamiento_tempo_H2V.
png>]
LaTeX Info: Redefining \. on input line 60.
LaTeX Info: Redefining \% on input line 60.
 [34 <./Figures/confusion_tempo_H2V.png> <./Figures/entrenamiento_tempo_V2H.png
>]
LaTeX Info: Redefining \. on input line 60.
LaTeX Info: Redefining \% on input line 60.
 [35 <./Figures/confusion_tempo_V2H.png>]
LaTeX Info: Redefining \. on input line 60.
LaTeX Info: Redefining \% on input line 60.
 [36 <./Figures/entrenamiento_simple.png>]
LaTeX Info: Redefining \. on input line 60.
LaTeX Info: Redefining \% on input line 60.
 [37 <./Figures/confusion_simple.png> <./Figures/scatter_simple.png>]
LaTeX Info: Redefining \. on input line 60.
LaTeX Info: Redefining \% on input line 60.
 [38 <./Figures/entrenamiento_final.png>]
LaTeX Info: Redefining \. on input line 60.
LaTeX Info: Redefining \% on input line 60.
 [39 <./Figures/confusion_final_genero.png> <./Figures/confusion_final_tempo.pn
g>] [40


]
------------------------------------------------------------------------------
 Bibliograf\'{\i }a
------------------------------------------------------------------------------
(Memoria_TFM_DeepLearning_FranciscoJDuraGaliana.bbl [41

]
Underfull \hbox (badness 10000) in paragraph at lines 76--83
\OT1/cmr/bx/n/10.95 URL: \OT1/cmr/m/it/10.95 http://papers.nips.cc/paper/3674-u
nsupervised-feature-learning-for-audio-
 []


Underfull \hbox (badness 10000) in paragraph at lines 90--93
\OT1/cmr/bx/n/10.95 URL: \OT1/cmr/m/it/10.95 https://towardsdatascience.com/neu
ral-networks-for-music-a-journey-
 []

LaTeX Info: Redefining \. on input line 116.
LaTeX Info: Redefining \% on input line 116.
[42])
Package atveryend Info: Empty hook `BeforeClearDocument' on input line 65.
LaTeX Info: Redefining \. on input line 65.
LaTeX Info: Redefining \% on input line 65.
 [43]
Package atveryend Info: Empty hook `AfterLastShipout' on input line 65.
 (Memoria_TFM_DeepLearning_FranciscoJDuraGaliana.aux
LaTeX Info: Redefining \. on input line 23.
LaTeX Info: Redefining \% on input line 23.

(Introduccion.aux) (modelo.aux) (apendice1.aux))
Package atveryend Info: Executing hook `AtVeryEndDocument' on input line 65.
Package atveryend Info: Executing hook `AtEndAfterFileList' on input line 65.
Package rerunfilecheck Info: File `Memoria_TFM_DeepLearning_FranciscoJDuraGalia
na.out' has not changed.
(rerunfilecheck)             Checksum: A2F9D2F22CD5B6C9435327D26E7B74F7;5847.
Package atveryend Info: Empty hook `AtVeryVeryEnd' on input line 65.
 ) 
Here is how much of TeX's memory you used:
 15302 strings out of 492895
 219982 string characters out of 3133479
 327632 words of memory out of 3000000
 18799 multiletter control sequences out of 15000+200000
 12494 words of font info for 46 fonts, out of 3000000 for 9000
 1141 hyphenation exceptions out of 8191
 49i,13n,51p,1167b,749s stack positions out of 5000i,500n,10000p,200000b,50000s
<D:/Program Files/MiKTeX 2.9/fonts/type1/public/amsfonts/cm/cmbx10.pfb><D:/Pr
ogram Files/MiKTeX 2.9/fonts/type1/public/amsfonts/cm/cmbx12.pfb><D:/Program Fi
les/MiKTeX 2.9/fonts/type1/public/amsfonts/cm/cmcsc10.pfb><D:/Program Files/MiK
TeX 2.9/fonts/type1/public/amsfonts/cm/cmmi10.pfb><D:/Program Files/MiKTeX 2.9/
fonts/type1/public/amsfonts/cm/cmmi8.pfb><D:/Program Files/MiKTeX 2.9/fonts/typ
e1/public/amsfonts/cm/cmr10.pfb><D:/Program Files/MiKTeX 2.9/fonts/type1/public
/amsfonts/cm/cmr8.pfb><D:/Program Files/MiKTeX 2.9/fonts/type1/public/amsfonts/
cm/cmsl10.pfb><D:/Program Files/MiKTeX 2.9/fonts/type1/public/amsfonts/cm/cmsy1
0.pfb><D:/Program Files/MiKTeX 2.9/fonts/type1/public/amsfonts/cm/cmti10.pfb><D
:/Program Files/MiKTeX 2.9/fonts/type1/public/amsfonts/cm/cmtt10.pfb>
Output written on Memoria_TFM_DeepLearning_FranciscoJDuraGaliana.pdf (53 pages,
 2141719 bytes).
PDF statistics:
 870 PDF objects out of 1000 (max. 8388607)
 148 named destinations out of 1000 (max. 500000)
 348 words of extra memory for PDF output out of 10000 (max. 10000000)

